[    1171ms] Uncaught Error: Minified React error #425; visit https://reactjs.org/docs/error-decoder.html?invariant=425 for the full message or use the non-minified dev environment for full errors and additional helpful warnings.
    at rh (https://static.pexels.com/1/_next/static/chunks/framework-d6424fcd56c497ec.js:0:40600)
    at <anonymous> (https://static.pexels.com/1/_next/static/chunks/framework-d6424fcd56c497ec.js:0:103872)
    at oI (https://static.pexels.com/1/_next/static/chunks/framework-d6424fcd56c497ec.js:0:106622)
    at oD (https://static.pexels.com/1/_next/static/chunks/framework-d6424fcd56c497ec.js:0:99570)
    at <anonymous> (https://static.pexels.com/1/_next/static/chunks/framework-d6424fcd56c497ec.js:0:99377)
    at oO (https://static.pexels.com/1/_next/static/chunks/framework-d6424fcd56c497ec.js:0:99384)
    at oE (https://static.pexels.com/1/_next/static/chunks/framework-d6424fcd56c497ec.js:0:94423)
    at E (https://static.pexels.com/1/_next/static/chunks/framework-d6424fcd56c497ec.js:0:130887)
    at T (https://static.pexels.com/1/_next/static/chunks/framework-d6424fcd56c497ec.js:0:131417)
[    1171ms] Uncaught Error: Minified React error #418; visit https://reactjs.org/docs/error-decoder.html?invariant=418 for the full message or use the non-minified dev environment for full errors and additional helpful warnings.
    at lg (https://static.pexels.com/1/_next/static/chunks/framework-d6424fcd56c497ec.js:0:46896)
    at i (https://static.pexels.com/1/_next/static/chunks/framework-d6424fcd56c497ec.js:0:121543)
    at oD (https://static.pexels.com/1/_next/static/chunks/framework-d6424fcd56c497ec.js:0:99510)
    at <anonymous> (https://static.pexels.com/1/_next/static/chunks/framework-d6424fcd56c497ec.js:0:99377)
    at oO (https://static.pexels.com/1/_next/static/chunks/framework-d6424fcd56c497ec.js:0:99384)
    at oE (https://static.pexels.com/1/_next/static/chunks/framework-d6424fcd56c497ec.js:0:94423)
    at E (https://static.pexels.com/1/_next/static/chunks/framework-d6424fcd56c497ec.js:0:130887)
    at T (https://static.pexels.com/1/_next/static/chunks/framework-d6424fcd56c497ec.js:0:131417)
[    1171ms] Uncaught Error: Minified React error #418; visit https://reactjs.org/docs/error-decoder.html?invariant=418 for the full message or use the non-minified dev environment for full errors and additional helpful warnings.
    at lg (https://static.pexels.com/1/_next/static/chunks/framework-d6424fcd56c497ec.js:0:46896)
    at i (https://static.pexels.com/1/_next/static/chunks/framework-d6424fcd56c497ec.js:0:121543)
    at oD (https://static.pexels.com/1/_next/static/chunks/framework-d6424fcd56c497ec.js:0:99510)
    at <anonymous> (https://static.pexels.com/1/_next/static/chunks/framework-d6424fcd56c497ec.js:0:99377)
    at oO (https://static.pexels.com/1/_next/static/chunks/framework-d6424fcd56c497ec.js:0:99384)
    at oE (https://static.pexels.com/1/_next/static/chunks/framework-d6424fcd56c497ec.js:0:94423)
    at E (https://static.pexels.com/1/_next/static/chunks/framework-d6424fcd56c497ec.js:0:130887)
    at T (https://static.pexels.com/1/_next/static/chunks/framework-d6424fcd56c497ec.js:0:131417)
[    1172ms] Uncaught Error: Minified React error #418; visit https://reactjs.org/docs/error-decoder.html?invariant=418 for the full message or use the non-minified dev environment for full errors and additional helpful warnings.
    at lg (https://static.pexels.com/1/_next/static/chunks/framework-d6424fcd56c497ec.js:0:46896)
    at i (https://static.pexels.com/1/_next/static/chunks/framework-d6424fcd56c497ec.js:0:121543)
    at oD (https://static.pexels.com/1/_next/static/chunks/framework-d6424fcd56c497ec.js:0:99510)
    at <anonymous> (https://static.pexels.com/1/_next/static/chunks/framework-d6424fcd56c497ec.js:0:99377)
    at oO (https://static.pexels.com/1/_next/static/chunks/framework-d6424fcd56c497ec.js:0:99384)
    at oE (https://static.pexels.com/1/_next/static/chunks/framework-d6424fcd56c497ec.js:0:94423)
    at E (https://static.pexels.com/1/_next/static/chunks/framework-d6424fcd56c497ec.js:0:130887)
    at T (https://static.pexels.com/1/_next/static/chunks/framework-d6424fcd56c497ec.js:0:131417)
[    1172ms] Uncaught Error: Minified React error #418; visit https://reactjs.org/docs/error-decoder.html?invariant=418 for the full message or use the non-minified dev environment for full errors and additional helpful warnings.
    at lg (https://static.pexels.com/1/_next/static/chunks/framework-d6424fcd56c497ec.js:0:46896)
    at i (https://static.pexels.com/1/_next/static/chunks/framework-d6424fcd56c497ec.js:0:121543)
    at oD (https://static.pexels.com/1/_next/static/chunks/framework-d6424fcd56c497ec.js:0:99510)
    at <anonymous> (https://static.pexels.com/1/_next/static/chunks/framework-d6424fcd56c497ec.js:0:99377)
    at oO (https://static.pexels.com/1/_next/static/chunks/framework-d6424fcd56c497ec.js:0:99384)
    at oE (https://static.pexels.com/1/_next/static/chunks/framework-d6424fcd56c497ec.js:0:94423)
    at E (https://static.pexels.com/1/_next/static/chunks/framework-d6424fcd56c497ec.js:0:130887)
    at T (https://static.pexels.com/1/_next/static/chunks/framework-d6424fcd56c497ec.js:0:131417)
[    1172ms] Uncaught Error: Minified React error #418; visit https://reactjs.org/docs/error-decoder.html?invariant=418 for the full message or use the non-minified dev environment for full errors and additional helpful warnings.
    at lg (https://static.pexels.com/1/_next/static/chunks/framework-d6424fcd56c497ec.js:0:46896)
    at i (https://static.pexels.com/1/_next/static/chunks/framework-d6424fcd56c497ec.js:0:121543)
    at oD (https://static.pexels.com/1/_next/static/chunks/framework-d6424fcd56c497ec.js:0:99510)
    at <anonymous> (https://static.pexels.com/1/_next/static/chunks/framework-d6424fcd56c497ec.js:0:99377)
    at oO (https://static.pexels.com/1/_next/static/chunks/framework-d6424fcd56c497ec.js:0:99384)
    at oE (https://static.pexels.com/1/_next/static/chunks/framework-d6424fcd56c497ec.js:0:94423)
    at E (https://static.pexels.com/1/_next/static/chunks/framework-d6424fcd56c497ec.js:0:130887)
    at T (https://static.pexels.com/1/_next/static/chunks/framework-d6424fcd56c497ec.js:0:131417)
[    1172ms] Uncaught Error: Minified React error #418; visit https://reactjs.org/docs/error-decoder.html?invariant=418 for the full message or use the non-minified dev environment for full errors and additional helpful warnings.
    at lg (https://static.pexels.com/1/_next/static/chunks/framework-d6424fcd56c497ec.js:0:46896)
    at i (https://static.pexels.com/1/_next/static/chunks/framework-d6424fcd56c497ec.js:0:121543)
    at oD (https://static.pexels.com/1/_next/static/chunks/framework-d6424fcd56c497ec.js:0:99510)
    at <anonymous> (https://static.pexels.com/1/_next/static/chunks/framework-d6424fcd56c497ec.js:0:99377)
    at oO (https://static.pexels.com/1/_next/static/chunks/framework-d6424fcd56c497ec.js:0:99384)
    at oE (https://static.pexels.com/1/_next/static/chunks/framework-d6424fcd56c497ec.js:0:94423)
    at E (https://static.pexels.com/1/_next/static/chunks/framework-d6424fcd56c497ec.js:0:130887)
    at T (https://static.pexels.com/1/_next/static/chunks/framework-d6424fcd56c497ec.js:0:131417)
[    1172ms] Uncaught Error: Minified React error #418; visit https://reactjs.org/docs/error-decoder.html?invariant=418 for the full message or use the non-minified dev environment for full errors and additional helpful warnings.
    at lg (https://static.pexels.com/1/_next/static/chunks/framework-d6424fcd56c497ec.js:0:46896)
    at i (https://static.pexels.com/1/_next/static/chunks/framework-d6424fcd56c497ec.js:0:121543)
    at oD (https://static.pexels.com/1/_next/static/chunks/framework-d6424fcd56c497ec.js:0:99510)
    at <anonymous> (https://static.pexels.com/1/_next/static/chunks/framework-d6424fcd56c497ec.js:0:99377)
    at oO (https://static.pexels.com/1/_next/static/chunks/framework-d6424fcd56c497ec.js:0:99384)
    at oE (https://static.pexels.com/1/_next/static/chunks/framework-d6424fcd56c497ec.js:0:94423)
    at E (https://static.pexels.com/1/_next/static/chunks/framework-d6424fcd56c497ec.js:0:130887)
    at T (https://static.pexels.com/1/_next/static/chunks/framework-d6424fcd56c497ec.js:0:131417)
[    1172ms] Uncaught Error: Minified React error #418; visit https://reactjs.org/docs/error-decoder.html?invariant=418 for the full message or use the non-minified dev environment for full errors and additional helpful warnings.
    at lg (https://static.pexels.com/1/_next/static/chunks/framework-d6424fcd56c497ec.js:0:46896)
    at i (https://static.pexels.com/1/_next/static/chunks/framework-d6424fcd56c497ec.js:0:121543)
    at oD (https://static.pexels.com/1/_next/static/chunks/framework-d6424fcd56c497ec.js:0:99510)
    at <anonymous> (https://static.pexels.com/1/_next/static/chunks/framework-d6424fcd56c497ec.js:0:99377)
    at oO (https://static.pexels.com/1/_next/static/chunks/framework-d6424fcd56c497ec.js:0:99384)
    at oE (https://static.pexels.com/1/_next/static/chunks/framework-d6424fcd56c497ec.js:0:94423)
    at E (https://static.pexels.com/1/_next/static/chunks/framework-d6424fcd56c497ec.js:0:130887)
    at T (https://static.pexels.com/1/_next/static/chunks/framework-d6424fcd56c497ec.js:0:131417)
[    1172ms] Uncaught Error: Minified React error #418; visit https://reactjs.org/docs/error-decoder.html?invariant=418 for the full message or use the non-minified dev environment for full errors and additional helpful warnings.
    at lg (https://static.pexels.com/1/_next/static/chunks/framework-d6424fcd56c497ec.js:0:46896)
    at i (https://static.pexels.com/1/_next/static/chunks/framework-d6424fcd56c497ec.js:0:121543)
    at oD (https://static.pexels.com/1/_next/static/chunks/framework-d6424fcd56c497ec.js:0:99510)
    at <anonymous> (https://static.pexels.com/1/_next/static/chunks/framework-d6424fcd56c497ec.js:0:99377)
    at oO (https://static.pexels.com/1/_next/static/chunks/framework-d6424fcd56c497ec.js:0:99384)
    at oE (https://static.pexels.com/1/_next/static/chunks/framework-d6424fcd56c497ec.js:0:94423)
    at E (https://static.pexels.com/1/_next/static/chunks/framework-d6424fcd56c497ec.js:0:130887)
    at T (https://static.pexels.com/1/_next/static/chunks/framework-d6424fcd56c497ec.js:0:131417)
[    1172ms] Uncaught Error: Minified React error #418; visit https://reactjs.org/docs/error-decoder.html?invariant=418 for the full message or use the non-minified dev environment for full errors and additional helpful warnings.
    at lg (https://static.pexels.com/1/_next/static/chunks/framework-d6424fcd56c497ec.js:0:46896)
    at i (https://static.pexels.com/1/_next/static/chunks/framework-d6424fcd56c497ec.js:0:121543)
    at oD (https://static.pexels.com/1/_next/static/chunks/framework-d6424fcd56c497ec.js:0:99510)
    at <anonymous> (https://static.pexels.com/1/_next/static/chunks/framework-d6424fcd56c497ec.js:0:99377)
    at oO (https://static.pexels.com/1/_next/static/chunks/framework-d6424fcd56c497ec.js:0:99384)
    at oE (https://static.pexels.com/1/_next/static/chunks/framework-d6424fcd56c497ec.js:0:94423)
    at E (https://static.pexels.com/1/_next/static/chunks/framework-d6424fcd56c497ec.js:0:130887)
    at T (https://static.pexels.com/1/_next/static/chunks/framework-d6424fcd56c497ec.js:0:131417)
[    1172ms] Uncaught Error: Minified React error #423; visit https://reactjs.org/docs/error-decoder.html?invariant=423 for the full message or use the non-minified dev environment for full errors and additional helpful warnings.
    at i (https://static.pexels.com/1/_next/static/chunks/framework-d6424fcd56c497ec.js:0:121212)
    at oD (https://static.pexels.com/1/_next/static/chunks/framework-d6424fcd56c497ec.js:0:99510)
    at <anonymous> (https://static.pexels.com/1/_next/static/chunks/framework-d6424fcd56c497ec.js:0:99377)
    at oO (https://static.pexels.com/1/_next/static/chunks/framework-d6424fcd56c497ec.js:0:99384)
    at ox (https://static.pexels.com/1/_next/static/chunks/framework-d6424fcd56c497ec.js:0:96136)
    at oE (https://static.pexels.com/1/_next/static/chunks/framework-d6424fcd56c497ec.js:0:94691)
    at E (https://static.pexels.com/1/_next/static/chunks/framework-d6424fcd56c497ec.js:0:130887)
    at T (https://static.pexels.com/1/_next/static/chunks/framework-d6424fcd56c497ec.js:0:131417)
[    1551ms] [ERROR] Failed to load resource: the server responded with a status of 429 () @ https://o13855.ingest.sentry.io/api/4506790129303552/envelope/?sentry_key=5e799d8c9c264e92192de980bc05e33d&sentry_version=7&sentry_client=sentry.javascript.browser%2F8.34.0:0
[    1642ms] [ERROR] Failed to load resource: the server responded with a status of 401 () @ https://www.pexels.com/en-us/api/v2/me:0
[    1665ms] [WARNING] [GSI_LOGGER]: Your client application uses one of the Google One Tap prompt UI status methods that may stop functioning when FedCM becomes mandatory. Refer to the migration guide to update your code accordingly and opt-in to FedCM to test your changes. Learn more: https://developers.google.com/identity/gsi/web/guides/fedcm-migration?s=dc#display_moment and https://developers.google.com/identity/gsi/web/guides/fedcm-migration?s=dc#skipped_moment @ https://static.pexels.com/1/vendor/sentry-8.34.0/bundle.tracing.min.js:1
[    1669ms] [ERROR] Not signed in with the identity provider. @ https://www.pexels.com/search/videos/happy%20friends/:0
[   13661ms] [ERROR] [GSI_LOGGER]: FedCM get() rejects with NetworkError: Error retrieving a token. @ https://static.pexels.com/1/_next/static/chunks/pages/_app-a56c5760e0195fb3.js:0
